# JRE version: OpenJDK Runtime Environment (17.0.7) (build 17.0.7+0-b2043.56-10550314)
# Java VM: OpenJDK 64-Bit Server VM (17.0.7+0-b2043.56-10550314, mixed mode, tiered, compressed oops, compressed class ptrs, g1 gc, windows-amd64)
GC Precious Log:
 CPUs: 8 total, 8 available
 Memory: 16226M
 Large Page Support: Disabled
 NUMA Support: Disabled
 Compressed Oops: Enabled (32-bit)
 Heap Region Size: 1M
 Heap Min Capacity: 8M
 Heap Initial Capacity: 254M
 Heap Max Capacity: 2G
 Pre-touch: Disabled
 Parallel Workers: 8
 Concurrent Workers: 2
 Concurrent Refinement Workers: 8
 Periodic GC: Disabled
Heap:
 garbage-first heap   total 260096K, used 141353K [0x0000000080000000, 0x0000000100000000)
  region size 1024K, 4 young (4096K), 4 survivors (4096K)
 Metaspace       used 101368K, committed 102144K, reserved 1179648K
  class space    used 13890K, committed 14272K, reserved 1048576K
GC Heap History (20 events):
Event: 11.950 GC heap after
{Heap after GC invocations=44 (full 0):
 garbage-first heap   total 165888K, used 95994K [0x0000000080000000, 0x0000000100000000)
  region size 1024K, 5 young (5120K), 5 survivors (5120K)
 Metaspace       used 83803K, committed 84480K, reserved 1179648K
  class space    used 11296K, committed 11648K, reserved 1048576K
}
Event: 12.458 GC heap before
{Heap before GC invocations=44 (full 0):
 garbage-first heap   total 165888K, used 133882K [0x0000000080000000, 0x0000000100000000)
  region size 1024K, 42 young (43008K), 5 survivors (5120K)
 Metaspace       used 86712K, committed 87488K, reserved 1179648K
  class space    used 11694K, committed 12032K, reserved 1048576K
}
Event: 12.465 GC heap after
{Heap after GC invocations=45 (full 0):
 garbage-first heap   total 199680K, used 98063K [0x0000000080000000, 0x0000000100000000)
  region size 1024K, 5 young (5120K), 5 survivors (5120K)
 Metaspace       used 86712K, committed 87488K, reserved 1179648K
  class space    used 11694K, committed 12032K, reserved 1048576K
}
Event: 13.286 GC heap before
{Heap before GC invocations=46 (full 0):
 garbage-first heap   total 199680K, used 147215K [0x0000000080000000, 0x0000000100000000)
  region size 1024K, 54 young (55296K), 5 survivors (5120K)
 Metaspace       used 89483K, committed 90240K, reserved 1179648K
  class space    used 12064K, committed 12416K, reserved 1048576K
}
Event: 13.296 GC heap after
{Heap after GC invocations=47 (full 0):
 garbage-first heap   total 199680K, used 101476K [0x0000000080000000, 0x0000000100000000)
  region size 1024K, 6 young (6144K), 6 survivors (6144K)
 Metaspace       used 89483K, committed 90240K, reserved 1179648K
  class space    used 12064K, committed 12416K, reserved 1048576K
}
Event: 14.080 GC heap before
{Heap before GC invocations=48 (full 0):
 garbage-first heap   total 199680K, used 155748K [0x0000000080000000, 0x0000000100000000)
  region size 1024K, 58 young (59392K), 6 survivors (6144K)
 Metaspace       used 93655K, committed 94336K, reserved 1179648K
  class space    used 12842K, committed 13184K, reserved 1048576K
}
Event: 14.087 GC heap after
{Heap after GC invocations=49 (full 0):
 garbage-first heap   total 199680K, used 102924K [0x0000000080000000, 0x0000000100000000)
  region size 1024K, 5 young (5120K), 5 survivors (5120K)
 Metaspace       used 93655K, committed 94336K, reserved 1179648K
  class space    used 12842K, committed 13184K, reserved 1048576K
}
Event: 14.749 GC heap before
{Heap before GC invocations=49 (full 0):
 garbage-first heap   total 199680K, used 156172K [0x0000000080000000, 0x0000000100000000)
  region size 1024K, 59 young (60416K), 5 survivors (5120K)
 Metaspace       used 97539K, committed 98304K, reserved 1179648K
  class space    used 13370K, committed 13760K, reserved 1048576K
}
Event: 14.757 GC heap after
{Heap after GC invocations=50 (full 0):
 garbage-first heap   total 199680K, used 108645K [0x0000000080000000, 0x0000000100000000)
  region size 1024K, 8 young (8192K), 8 survivors (8192K)
 Metaspace       used 97539K, committed 98304K, reserved 1179648K
  class space    used 13370K, committed 13760K, reserved 1048576K
}
Event: 15.519 GC heap before
{Heap before GC invocations=51 (full 0):
 garbage-first heap   total 199680K, used 178277K [0x0000000080000000, 0x0000000100000000)
  region size 1024K, 61 young (62464K), 8 survivors (8192K)
 Metaspace       used 101345K, committed 102144K, reserved 1179648K
  class space    used 13889K, committed 14272K, reserved 1048576K
}
Event: 15.534 GC heap after
{Heap after GC invocations=52 (full 0):
 garbage-first heap   total 199680K, used 130493K [0x0000000080000000, 0x0000000100000000)
  region size 1024K, 8 young (8192K), 8 survivors (8192K)
 Metaspace       used 101345K, committed 102144K, reserved 1179648K
  class space    used 13889K, committed 14272K, reserved 1048576K
}
Event: 15.538 GC heap before
{Heap before GC invocations=52 (full 0):
 garbage-first heap   total 199680K, used 131517K [0x0000000080000000, 0x0000000100000000)
  region size 1024K, 9 young (9216K), 8 survivors (8192K)
 Metaspace       used 101345K, committed 102144K, reserved 1179648K
  class space    used 13889K, committed 14272K, reserved 1048576K
}
Event: 15.544 GC heap after
{Heap after GC invocations=53 (full 0):
 garbage-first heap   total 199680K, used 131750K [0x0000000080000000, 0x0000000100000000)
  region size 1024K, 2 young (2048K), 2 survivors (2048K)
 Metaspace       used 101345K, committed 102144K, reserved 1179648K
  class space    used 13889K, committed 14272K, reserved 1048576K
}
Event: 15.766 GC heap before
{Heap before GC invocations=53 (full 0):
 garbage-first heap   total 199680K, used 162470K [0x0000000080000000, 0x0000000100000000)
  region size 1024K, 33 young (33792K), 2 survivors (2048K)
 Metaspace       used 101353K, committed 102144K, reserved 1179648K
  class space    used 13889K, committed 14272K, reserved 1048576K
}
Event: 15.775 GC heap after
{Heap after GC invocations=54 (full 0):
 garbage-first heap   total 199680K, used 141312K [0x0000000080000000, 0x0000000100000000)
  region size 1024K, 5 young (5120K), 5 survivors (5120K)
 Metaspace       used 101353K, committed 102144K, reserved 1179648K
  class space    used 13889K, committed 14272K, reserved 1048576K
}
Event: 16.194 GC heap before
{Heap before GC invocations=55 (full 0):
 garbage-first heap   total 240640K, used 158720K [0x0000000080000000, 0x0000000100000000)
  region size 1024K, 27 young (27648K), 5 survivors (5120K)
 Metaspace       used 101364K, committed 102144K, reserved 1179648K
  class space    used 13889K, committed 14272K, reserved 1048576K
}
Event: 16.198 GC heap after
{Heap after GC invocations=56 (full 0):
 garbage-first heap   total 240640K, used 139070K [0x0000000080000000, 0x0000000100000000)
  region size 1024K, 2 young (2048K), 2 survivors (2048K)
 Metaspace       used 101364K, committed 102144K, reserved 1179648K
  class space    used 13889K, committed 14272K, reserved 1048576K
}
Event: 16.312 GC heap before
{Heap before GC invocations=56 (full 0):
 garbage-first heap   total 240640K, used 147262K [0x0000000080000000, 0x0000000100000000)
  region size 1024K, 11 young (11264K), 2 survivors (2048K)
 Metaspace       used 101365K, committed 102144K, reserved 1179648K
  class space    used 13890K, committed 14272K, reserved 1048576K
}
Event: 16.315 GC heap after
{Heap after GC invocations=57 (full 0):
 garbage-first heap   total 240640K, used 139018K [0x0000000080000000, 0x0000000100000000)
  region size 1024K, 2 young (2048K), 2 survivors (2048K)
 Metaspace       used 101365K, committed 102144K, reserved 1179648K
  class space    used 13890K, committed 14272K, reserved 1048576K
}
Event: 16.973 GC heap before
{Heap before GC invocations=57 (full 0):
 garbage-first heap   total 240640K, used 190218K [0x0000000080000000, 0x0000000100000000)
  region size 1024K, 52 young (53248K), 2 survivors (2048K)
 Metaspace       used 101368K, committed 102144K, reserved 1179648K
  class space    used 13890K, committed 14272K, reserved 1048576K
}

