# JRE version: OpenJDK Runtime Environment (17.0.7) (build 17.0.7+0-b2043.56-10550314)
# Java VM: OpenJDK 64-Bit Server VM (17.0.7+0-b2043.56-10550314, mixed mode, tiered, compressed oops, compressed class ptrs, g1 gc, windows-amd64)
GC Precious Log:
 CPUs: 8 total, 8 available
 Memory: 16226M
 Large Page Support: Disabled
 NUMA Support: Disabled
 Compressed Oops: Enabled (32-bit)
 Heap Region Size: 1M
 Heap Min Capacity: 8M
 Heap Initial Capacity: 254M
 Heap Max Capacity: 2G
 Pre-touch: Disabled
 Parallel Workers: 8
 Concurrent Workers: 2
 Concurrent Refinement Workers: 8
 Periodic GC: Disabled
Heap:
 garbage-first heap   total 186368K, used 110468K [0x0000000080000000, 0x0000000100000000)
  region size 1024K, 4 young (4096K), 4 survivors (4096K)
 Metaspace       used 99682K, committed 100416K, reserved 1179648K
  class space    used 13713K, committed 14080K, reserved 1048576K
GC Heap History (20 events):
Event: 13.372 GC heap after
{Heap after GC invocations=32 (full 0):
 garbage-first heap   total 155648K, used 68853K [0x0000000080000000, 0x0000000100000000)
  region size 1024K, 3 young (3072K), 3 survivors (3072K)
 Metaspace       used 76802K, committed 77504K, reserved 1179648K
  class space    used 10684K, committed 11008K, reserved 1048576K
}
Event: 13.766 GC heap before
{Heap before GC invocations=33 (full 0):
 garbage-first heap   total 155648K, used 112885K [0x0000000080000000, 0x0000000100000000)
  region size 1024K, 41 young (41984K), 3 survivors (3072K)
 Metaspace       used 79130K, committed 79680K, reserved 1179648K
  class space    used 11009K, committed 11264K, reserved 1048576K
}
Event: 13.769 GC heap after
{Heap after GC invocations=34 (full 0):
 garbage-first heap   total 155648K, used 70454K [0x0000000080000000, 0x0000000100000000)
  region size 1024K, 6 young (6144K), 6 survivors (6144K)
 Metaspace       used 79130K, committed 79680K, reserved 1179648K
  class space    used 11009K, committed 11264K, reserved 1048576K
}
Event: 14.136 GC heap before
{Heap before GC invocations=34 (full 0):
 garbage-first heap   total 155648K, used 103222K [0x0000000080000000, 0x0000000100000000)
  region size 1024K, 39 young (39936K), 6 survivors (6144K)
 Metaspace       used 81827K, committed 82432K, reserved 1179648K
  class space    used 11395K, committed 11648K, reserved 1048576K
}
Event: 14.140 GC heap after
{Heap after GC invocations=35 (full 0):
 garbage-first heap   total 155648K, used 72028K [0x0000000080000000, 0x0000000100000000)
  region size 1024K, 5 young (5120K), 5 survivors (5120K)
 Metaspace       used 81827K, committed 82432K, reserved 1179648K
  class space    used 11395K, committed 11648K, reserved 1048576K
}
Event: 14.582 GC heap before
{Heap before GC invocations=36 (full 0):
 garbage-first heap   total 155648K, used 119132K [0x0000000080000000, 0x0000000100000000)
  region size 1024K, 47 young (48128K), 5 survivors (5120K)
 Metaspace       used 86425K, committed 86976K, reserved 1179648K
  class space    used 12027K, committed 12288K, reserved 1048576K
}
Event: 14.585 GC heap after
{Heap after GC invocations=37 (full 0):
 garbage-first heap   total 155648K, used 78663K [0x0000000080000000, 0x0000000100000000)
  region size 1024K, 5 young (5120K), 5 survivors (5120K)
 Metaspace       used 86425K, committed 86976K, reserved 1179648K
  class space    used 12027K, committed 12288K, reserved 1048576K
}
Event: 14.985 GC heap before
{Heap before GC invocations=37 (full 0):
 garbage-first heap   total 155648K, used 119623K [0x0000000080000000, 0x0000000100000000)
  region size 1024K, 45 young (46080K), 5 survivors (5120K)
 Metaspace       used 89285K, committed 89920K, reserved 1179648K
  class space    used 12417K, committed 12736K, reserved 1048576K
}
Event: 14.991 GC heap after
{Heap after GC invocations=38 (full 0):
 garbage-first heap   total 155648K, used 81677K [0x0000000080000000, 0x0000000100000000)
  region size 1024K, 6 young (6144K), 6 survivors (6144K)
 Metaspace       used 89285K, committed 89920K, reserved 1179648K
  class space    used 12417K, committed 12736K, reserved 1048576K
}
Event: 15.467 GC heap before
{Heap before GC invocations=39 (full 0):
 garbage-first heap   total 155648K, used 122637K [0x0000000080000000, 0x0000000100000000)
  region size 1024K, 46 young (47104K), 6 survivors (6144K)
 Metaspace       used 93273K, committed 93824K, reserved 1179648K
  class space    used 12924K, committed 13184K, reserved 1048576K
}
Event: 15.471 GC heap after
{Heap after GC invocations=40 (full 0):
 garbage-first heap   total 155648K, used 83260K [0x0000000080000000, 0x0000000100000000)
  region size 1024K, 5 young (5120K), 5 survivors (5120K)
 Metaspace       used 93273K, committed 93824K, reserved 1179648K
  class space    used 12924K, committed 13184K, reserved 1048576K
}
Event: 15.486 GC heap before
{Heap before GC invocations=40 (full 0):
 garbage-first heap   total 155648K, used 84284K [0x0000000080000000, 0x0000000100000000)
  region size 1024K, 7 young (7168K), 5 survivors (5120K)
 Metaspace       used 93484K, committed 94080K, reserved 1179648K
  class space    used 12946K, committed 13248K, reserved 1048576K
}
Event: 15.489 GC heap after
{Heap after GC invocations=41 (full 0):
 garbage-first heap   total 155648K, used 83458K [0x0000000080000000, 0x0000000100000000)
  region size 1024K, 2 young (2048K), 2 survivors (2048K)
 Metaspace       used 93484K, committed 94080K, reserved 1179648K
  class space    used 12946K, committed 13248K, reserved 1048576K
}
Event: 15.926 GC heap before
{Heap before GC invocations=42 (full 0):
 garbage-first heap   total 158720K, used 137730K [0x0000000080000000, 0x0000000100000000)
  region size 1024K, 44 young (45056K), 2 survivors (2048K)
 Metaspace       used 99503K, committed 100224K, reserved 1179648K
  class space    used 13707K, committed 14080K, reserved 1048576K
}
Event: 15.928 GC heap after
{Heap after GC invocations=43 (full 0):
 garbage-first heap   total 158720K, used 95930K [0x0000000080000000, 0x0000000100000000)
  region size 1024K, 4 young (4096K), 4 survivors (4096K)
 Metaspace       used 99503K, committed 100224K, reserved 1179648K
  class space    used 13707K, committed 14080K, reserved 1048576K
}
Event: 15.940 GC heap before
{Heap before GC invocations=43 (full 0):
 garbage-first heap   total 158720K, used 99002K [0x0000000080000000, 0x0000000100000000)
  region size 1024K, 7 young (7168K), 4 survivors (4096K)
 Metaspace       used 99508K, committed 100224K, reserved 1179648K
  class space    used 13707K, committed 14080K, reserved 1048576K
}
Event: 15.943 GC heap after
{Heap after GC invocations=44 (full 0):
 garbage-first heap   total 158720K, used 96781K [0x0000000080000000, 0x0000000100000000)
  region size 1024K, 1 young (1024K), 1 survivors (1024K)
 Metaspace       used 99508K, committed 100224K, reserved 1179648K
  class space    used 13707K, committed 14080K, reserved 1048576K
}
Event: 16.083 GC heap before
{Heap before GC invocations=44 (full 0):
 garbage-first heap   total 158720K, used 132621K [0x0000000080000000, 0x0000000100000000)
  region size 1024K, 36 young (36864K), 1 survivors (1024K)
 Metaspace       used 99673K, committed 100416K, reserved 1179648K
  class space    used 13712K, committed 14080K, reserved 1048576K
}
Event: 16.091 GC heap after
{Heap after GC invocations=45 (full 0):
 garbage-first heap   total 158720K, used 102219K [0x0000000080000000, 0x0000000100000000)
  region size 1024K, 5 young (5120K), 5 survivors (5120K)
 Metaspace       used 99673K, committed 100416K, reserved 1179648K
  class space    used 13712K, committed 14080K, reserved 1048576K
}
Event: 16.246 GC heap before
{Heap before GC invocations=46 (full 0):
 garbage-first heap   total 186368K, used 127819K [0x0000000080000000, 0x0000000100000000)
  region size 1024K, 30 young (30720K), 5 survivors (5120K)
 Metaspace       used 99682K, committed 100416K, reserved 1179648K
  class space    used 13713K, committed 14080K, reserved 1048576K
}

